<?xml version="1.0" encoding="UTF-8"?>
<!-- Generated by org.testng.reporters.JUnitXMLReporter -->
<testsuite ignored="5" hostname="LAPTOP-KKG1FK9R" failures="0" tests="2" name="Test" time="12.134" errors="0" timestamp="2020-01-30T15:11:48 TST">
  <testcase classname="demoJenkins.LoginValidation" name="test9" time="0.711"/>
  <testcase classname="demoJenkins.LoginValidation" name="test10" time="0.901"/>
  <testcase classname="demoJenkins.LoginValidation" name="test13" time="0.0">
    <ignored/>
  </testcase> <!-- test13 -->
  <testcase classname="demoJenkins.LoginValidation" name="test12" time="0.0">
    <ignored/>
  </testcase> <!-- test12 -->
  <testcase classname="demoJenkins.LoginValidation" name="test11" time="0.0">
    <ignored/>
  </testcase> <!-- test11 -->
  <testcase classname="demoJenkins.LoginValidation" name="test15" time="0.0">
    <ignored/>
  </testcase> <!-- test15 -->
  <testcase classname="demoJenkins.LoginValidation" name="test14" time="0.0">
    <ignored/>
  </testcase> <!-- test14 -->
</testsuite> <!-- Test -->
