<?xml version="1.0" encoding="UTF-8"?>
<!-- Generated by org.testng.reporters.JUnitXMLReporter -->
<testsuite ignored="0" hostname="LAPTOP-KKG1FK9R" failures="0" tests="15" name="Test" time="58.844" errors="0" timestamp="2020-01-21T10:02:41 TST">
  <testcase classname="demoJenkins.RegisterValidation" name="test1" time="3.259"/>
  <testcase classname="demoJenkins.RegisterValidation" name="test2" time="0.508"/>
  <testcase classname="demoJenkins.RegisterValidation" name="test3" time="2.065"/>
  <testcase classname="demoJenkins.RegisterValidation" name="test4" time="2.196"/>
  <testcase classname="demoJenkins.RegisterValidation" name="test5" time="0.484"/>
  <testcase classname="demoJenkins.RegisterValidation" name="test6" time="1.503"/>
  <testcase classname="demoJenkins.RegisterValidation" name="test7" time="0.863"/>
  <testcase classname="demoJenkins.RegisterValidation" name="test8" time="2.059"/>
  <testcase classname="demoJenkins.LoginValidation" name="test9" time="1.546"/>
  <testcase classname="demoJenkins.LoginValidation" name="test10" time="0.903"/>
  <testcase classname="demoJenkins.LoginValidation" name="test11" time="1.416"/>
  <testcase classname="demoJenkins.LoginValidation" name="test12" time="0.3"/>
  <testcase classname="demoJenkins.LoginValidation" name="test13" time="1.024"/>
  <testcase classname="demoJenkins.LoginValidation" name="test14" time="16.143"/>
  <testcase classname="demoJenkins.LoginValidation" name="test15" time="3.259"/>
</testsuite> <!-- Test -->
