<?xml version="1.0" encoding="UTF-8"?>
<testsuite name="TestSuite" time="37.544" tests="15" errors="0" skipped="0" failures="0">
  <properties>
[...]
</properties>
  <testcase name="test1" classname="demoJenkins.RegisterValidation" time="3.271"/>
  <testcase name="test2" classname="demoJenkins.RegisterValidation" time="0.508"/>
  <testcase name="test3" classname="demoJenkins.RegisterValidation" time="2.069"/>
  <testcase name="test4" classname="demoJenkins.RegisterValidation" time="2.196"/>
  <testcase name="test5" classname="demoJenkins.RegisterValidation" time="0.484"/>
  <testcase name="test6" classname="demoJenkins.RegisterValidation" time="1.503"/>
  <testcase name="test7" classname="demoJenkins.RegisterValidation" time="0.863"/>
  <testcase name="test8" classname="demoJenkins.RegisterValidation" time="2.059"/>
  <testcase name="test9" classname="demoJenkins.LoginValidation" time="1.546"/>
  <testcase name="test10" classname="demoJenkins.LoginValidation" time="0.903"/>
  <testcase name="test11" classname="demoJenkins.LoginValidation" time="1.412"/>
  <testcase name="test12" classname="demoJenkins.LoginValidation" time="0.3"/>
  <testcase name="test13" classname="demoJenkins.LoginValidation" time="1.024"/>
  <testcase name="test14" classname="demoJenkins.LoginValidation" time="16.147"/>
  <testcase name="test15" classname="demoJenkins.LoginValidation" time="3.259"/>
</testsuite>