<?xml version="1.0" encoding="UTF-8"?>
<testng-results ignored="12" total="14" passed="2" failed="0" skipped="0">
  <reporter-output>
  </reporter-output>
  <suite started-at="2020-01-30T15:00:15 TST" name="Suite" finished-at="2020-01-30T15:00:26 TST" duration-ms="11389">
    <groups>
    </groups>
    <test started-at="2020-01-30T15:00:15 TST" name="Test" finished-at="2020-01-30T15:00:26 TST" duration-ms="11389">
      <class name="demoJenkins.LoginValidation">
        <test-method is-config="true" signature="setup()[pri:0, instance:demoJenkins.LoginValidation@7ba18f1b]" started-at="2020-01-30T15:00:15 TST" name="setup" finished-at="2020-01-30T15:00:25 TST" duration-ms="9850" status="PASS">
          <reporter-output>
          </reporter-output>
        </test-method> <!-- setup -->
        <test-method signature="test9(java.lang.String, java.lang.String)[pri:1, instance:demoJenkins.LoginValidation@7ba18f1b]" started-at="2020-01-30T15:00:25 TST" name="test9" description="Test Case 9-正常案例-登入成功" finished-at="2020-01-30T15:00:26 TST" duration-ms="917" status="PASS">
          <params>
            <param index="0">
              <value>
                <![CDATA[testtest]]>
              </value>
            </param>
            <param index="1">
              <value>
                <![CDATA[Do!ng123]]>
              </value>
            </param>
          </params>
          <reporter-output>
          </reporter-output>
        </test-method> <!-- test9 -->
        <test-method is-config="true" signature="teardown()[pri:0, instance:demoJenkins.LoginValidation@7ba18f1b]" started-at="2020-01-30T15:00:26 TST" name="teardown" finished-at="2020-01-30T15:00:26 TST" duration-ms="600" status="PASS">
          <reporter-output>
          </reporter-output>
        </test-method> <!-- teardown -->
      </class> <!-- demoJenkins.LoginValidation -->
    </test> <!-- Test -->
  </suite> <!-- Suite -->
  <suite started-at="2020-01-30T15:00:26 TST" name="Suite (0)" finished-at="2020-01-30T15:00:37 TST" duration-ms="10995">
    <groups>
    </groups>
    <test started-at="2020-01-30T15:00:26 TST" name="Test" finished-at="2020-01-30T15:00:37 TST" duration-ms="10995">
      <class name="demoJenkins.LoginValidation">
        <test-method is-config="true" signature="setup()[pri:0, instance:demoJenkins.LoginValidation@588df31b]" started-at="2020-01-30T15:00:26 TST" name="setup" finished-at="2020-01-30T15:00:36 TST" duration-ms="9451" status="PASS">
          <reporter-output>
          </reporter-output>
        </test-method> <!-- setup -->
        <test-method signature="test10()[pri:2, instance:demoJenkins.LoginValidation@588df31b]" started-at="2020-01-30T15:00:36 TST" name="test10" description="Test Case 10-異常案例-登入失敗(帳號驗證)" finished-at="2020-01-30T15:00:37 TST" duration-ms="949" status="PASS">
          <reporter-output>
          </reporter-output>
        </test-method> <!-- test10 -->
        <test-method is-config="true" signature="teardown()[pri:0, instance:demoJenkins.LoginValidation@588df31b]" started-at="2020-01-30T15:00:37 TST" name="teardown" finished-at="2020-01-30T15:00:37 TST" duration-ms="595" status="PASS">
          <reporter-output>
          </reporter-output>
        </test-method> <!-- teardown -->
      </class> <!-- demoJenkins.LoginValidation -->
    </test> <!-- Test -->
  </suite> <!-- Suite (0) -->
</testng-results>
