<?xml version="1.0" encoding="UTF-8"?>
<testng-results ignored="5" total="7" passed="2" failed="0" skipped="0">
  <reporter-output>
  </reporter-output>
  <suite started-at="2020-01-30T15:11:36 TST" name="Suite" finished-at="2020-01-30T15:11:48 TST" duration-ms="12134">
    <groups>
    </groups>
    <test started-at="2020-01-30T15:11:36 TST" name="Test" finished-at="2020-01-30T15:11:48 TST" duration-ms="12134">
      <class name="demoJenkins.LoginValidation">
        <test-method is-config="true" signature="setup()[pri:0, instance:demoJenkins.LoginValidation@222114ba]" started-at="2020-01-30T15:11:36 TST" name="setup" finished-at="2020-01-30T15:11:45 TST" duration-ms="9873" status="PASS">
          <reporter-output>
          </reporter-output>
        </test-method> <!-- setup -->
        <test-method signature="test9(java.lang.String, java.lang.String)[pri:1, instance:demoJenkins.LoginValidation@222114ba]" started-at="2020-01-30T15:11:45 TST" name="test9" description="Test Case 9-正常案例-登入成功" finished-at="2020-01-30T15:11:46 TST" duration-ms="711" status="PASS">
          <params>
            <param index="0">
              <value>
                <![CDATA[testtest]]>
              </value>
            </param>
            <param index="1">
              <value>
                <![CDATA[Do!ng123]]>
              </value>
            </param>
          </params>
          <reporter-output>
          </reporter-output>
        </test-method> <!-- test9 -->
        <test-method signature="test10()[pri:2, instance:demoJenkins.LoginValidation@222114ba]" started-at="2020-01-30T15:11:46 TST" name="test10" description="Test Case 10-異常案例-登入失敗(帳號驗證)" finished-at="2020-01-30T15:11:47 TST" duration-ms="901" status="PASS">
          <reporter-output>
          </reporter-output>
        </test-method> <!-- test10 -->
        <test-method is-config="true" signature="teardown()[pri:0, instance:demoJenkins.LoginValidation@222114ba]" started-at="2020-01-30T15:11:47 TST" name="teardown" finished-at="2020-01-30T15:11:48 TST" duration-ms="622" status="PASS">
          <reporter-output>
          </reporter-output>
        </test-method> <!-- teardown -->
      </class> <!-- demoJenkins.LoginValidation -->
    </test> <!-- Test -->
  </suite> <!-- Suite -->
</testng-results>
