<?xml version="1.0" encoding="UTF-8"?>
<testng-results ignored="0" total="7" passed="6" failed="1" skipped="0">
  <reporter-output>
  </reporter-output>
  <suite started-at="2020-01-30T09:42:03 TST" name="Default suite" finished-at="2020-01-30T09:42:38 TST" duration-ms="35414">
    <groups>
    </groups>
    <test started-at="2020-01-30T09:42:03 TST" name="Default test" finished-at="2020-01-30T09:42:38 TST" duration-ms="35414">
      <class name="demoJenkins.LoginValidation">
        <test-method is-config="true" signature="setup()[pri:0, instance:demoJenkins.LoginValidation@5bfa9431]" started-at="2020-01-30T09:42:03 TST" name="setup" finished-at="2020-01-30T09:42:13 TST" duration-ms="9992" status="PASS">
          <reporter-output>
          </reporter-output>
        </test-method> <!-- setup -->
        <test-method signature="test9(java.lang.String, java.lang.String)[pri:1, instance:demoJenkins.LoginValidation@5bfa9431]" started-at="2020-01-30T09:42:13 TST" name="test9" description="Test Case 9-正常案例-登入成功" finished-at="2020-01-30T09:42:13 TST" duration-ms="0" status="FAIL">
          <exception class="org.testng.TestNGException">
            <message>
              <![CDATA[
Parameter 'account' is required by @Test on method test9 but has not been marked @Optional or defined
in C:\Users\user\AppData\Local\Temp\testng-eclipse--1151542503\testng-customsuite.xml]]>
            </message>
            <full-stacktrace>
              <![CDATA[org.testng.TestNGException: 
Parameter 'account' is required by @Test on method test9 but has not been marked @Optional or defined
in C:\Users\user\AppData\Local\Temp\testng-eclipse--1151542503\testng-customsuite.xml
at org.testng.internal.Parameters.createParams(Parameters.java:289)
at org.testng.internal.Parameters.createParametersForMethod(Parameters.java:377)
at org.testng.internal.Parameters.createParameters(Parameters.java:721)
at org.testng.internal.Parameters.handleParameters(Parameters.java:895)
at org.testng.internal.Parameters.handleParameters(Parameters.java:762)
at org.testng.internal.ParameterHandler.handleParameters(ParameterHandler.java:60)
at org.testng.internal.ParameterHandler.createParameters(ParameterHandler.java:39)
at org.testng.internal.TestInvoker$MethodInvocationAgent.invoke(TestInvoker.java:771)
at org.testng.internal.TestInvoker.invokeTestMethods(TestInvoker.java:145)
at org.testng.internal.TestMethodWorker.invokeTestMethods(TestMethodWorker.java:146)
at org.testng.internal.TestMethodWorker.run(TestMethodWorker.java:128)
at java.base/java.util.ArrayList.forEach(ArrayList.java:1507)
at org.testng.TestRunner.privateRun(TestRunner.java:770)
at org.testng.TestRunner.run(TestRunner.java:591)
at org.testng.SuiteRunner.runTest(SuiteRunner.java:402)
at org.testng.SuiteRunner.runSequentially(SuiteRunner.java:396)
at org.testng.SuiteRunner.privateRun(SuiteRunner.java:355)
at org.testng.SuiteRunner.run(SuiteRunner.java:304)
at org.testng.SuiteRunnerWorker.runSuite(SuiteRunnerWorker.java:53)
at org.testng.SuiteRunnerWorker.run(SuiteRunnerWorker.java:96)
at org.testng.TestNG.runSuitesSequentially(TestNG.java:1180)
at org.testng.TestNG.runSuitesLocally(TestNG.java:1102)
at org.testng.TestNG.runSuites(TestNG.java:1032)
at org.testng.TestNG.run(TestNG.java:1000)
at org.testng.remote.AbstractRemoteTestNG.run(AbstractRemoteTestNG.java:115)
at org.testng.remote.RemoteTestNG.initAndRun(RemoteTestNG.java:251)
at org.testng.remote.RemoteTestNG.main(RemoteTestNG.java:77)
]]>
            </full-stacktrace>
          </exception> <!-- org.testng.TestNGException -->
          <reporter-output>
          </reporter-output>
        </test-method> <!-- test9 -->
        <test-method signature="test10()[pri:2, instance:demoJenkins.LoginValidation@5bfa9431]" started-at="2020-01-30T09:42:13 TST" name="test10" description="Test Case 10-異常案例-登入失敗(帳號驗證)" finished-at="2020-01-30T09:42:14 TST" duration-ms="1173" status="PASS">
          <reporter-output>
          </reporter-output>
        </test-method> <!-- test10 -->
        <test-method signature="test11()[pri:3, instance:demoJenkins.LoginValidation@5bfa9431]" started-at="2020-01-30T09:42:14 TST" name="test11" description="Test Case 11-異常案例-登入失敗(密碼驗證)" finished-at="2020-01-30T09:42:15 TST" duration-ms="918" status="PASS">
          <reporter-output>
          </reporter-output>
        </test-method> <!-- test11 -->
        <test-method signature="test12()[pri:4, instance:demoJenkins.LoginValidation@5bfa9431]" started-at="2020-01-30T09:42:15 TST" name="test12" description="Test Case 12-異常案例-登入失敗(必填欄位驗證)" finished-at="2020-01-30T09:42:15 TST" duration-ms="169" status="PASS">
          <reporter-output>
          </reporter-output>
        </test-method> <!-- test12 -->
        <test-method signature="test13()[pri:5, instance:demoJenkins.LoginValidation@5bfa9431]" started-at="2020-01-30T09:42:15 TST" name="test13" description="Test Case 13-正常案例-登出成功" finished-at="2020-01-30T09:42:16 TST" duration-ms="1090" status="PASS">
          <reporter-output>
          </reporter-output>
        </test-method> <!-- test13 -->
        <test-method signature="test14()[pri:6, instance:demoJenkins.LoginValidation@5bfa9431]" started-at="2020-01-30T09:42:16 TST" name="test14" description="Test Case 14-executeAsyncScript()" finished-at="2020-01-30T09:42:32 TST" duration-ms="15940" status="PASS">
          <reporter-output>
          </reporter-output>
        </test-method> <!-- test14 -->
        <test-method signature="test15()[pri:7, instance:demoJenkins.LoginValidation@5bfa9431]" started-at="2020-01-30T09:42:32 TST" name="test15" description="Test Case 15-find element" finished-at="2020-01-30T09:42:37 TST" duration-ms="5482" status="PASS">
          <reporter-output>
          </reporter-output>
        </test-method> <!-- test15 -->
        <test-method is-config="true" signature="teardown()[pri:0, instance:demoJenkins.LoginValidation@5bfa9431]" started-at="2020-01-30T09:42:37 TST" name="teardown" finished-at="2020-01-30T09:42:38 TST" duration-ms="623" status="PASS">
          <reporter-output>
          </reporter-output>
        </test-method> <!-- teardown -->
      </class> <!-- demoJenkins.LoginValidation -->
    </test> <!-- Default test -->
  </suite> <!-- Default suite -->
</testng-results>
